<?xml version="1.0" encoding="UTF-8" ?>
<testsuite errors="1" failures="0" hostname="Chriss-MacBook-Air.local" name="com.Megadodo.Canary.test.CanaryUnitTests" skipped="0" tests="1" time="3.507" timestamp="2014-01-03T06:12:08">
  <properties>
[...]
</properties>
  <testcase classname="com.Megadodo.Canary.test.CanaryUnitTests" name="shouldHaveHappySmiles" time="3.43">
    <error message="unknown resource 2131099651" type="android.content.res.Resources$NotFoundException">android.content.res.Resources$NotFoundException: unknown resource 2131099651
	at org.robolectric.shadows.ShadowAssetManager.getAndResolve(ShadowAssetManager.java:258)
	at org.robolectric.shadows.ShadowAssetManager.getResourceText(ShadowAssetManager.java:62)
	at android.content.res.AssetManager.getResourceText(AssetManager.java)
	at android.content.res.Resources.getText(Resources.java:225)
	at android.content.res.Resources.getString(Resources.java:313)
	at com.Megadodo.Canary.test.CanaryUnitTests.shouldHaveHappySmiles(CanaryUnitTests.java:17)
	at org.robolectric.RobolectricTestRunner$2.evaluate(RobolectricTestRunner.java:234)
	at org.robolectric.RobolectricTestRunner$1.evaluate(RobolectricTestRunner.java:175)
</error>
  </testcase>
  <system-out><![CDATA[WARNING: No manifest file found at ./AndroidManifest.xml.Falling back to the Android OS resources only.
To remove this warning, annotate your test class with @Config(manifest=Config.NONE).
]]></system-out>
  <system-err><![CDATA[WARNING: no system properties value for ro.build.date.utc
]]></system-err>
</testsuite>
